C51 COMPILER V9.60.7.0   HELLO                                                             08/03/2024 00:50:39 PAGE 1   


C51 COMPILER V9.60.7.0, COMPILATION OF MODULE HELLO
OBJECT MODULE PLACED IN HELLO.OBJ
COMPILER INVOKED BY: D:\Keil_v5\C51\BIN\C51.EXE HELLO.C OPTIMIZE(8,SPEED) BROWSE INCDIR(D:\Keil_v5\C51\INC\STC) DEBUG OB
                    -JECTEXTEND TABS(2)

line level    source

   1          #include "STC89C5xRC.H"
   2          #include <stdio.h>
   3          
   4          void Uart1_Init(void) //9600bps@12.010MHz
   5          {
   6   1        PCON |= 0x80;   //Enable SMOD bit
   7   1        SCON = 0x50;    //8 bits and variable baudrate
   8   1        AUXR |= 0x40;   //imer clock is 1T mode
   9   1        AUXR &= 0xFE;   //UART 1 use Timer1 as baudrate generator
  10   1        TMOD &= 0x0F;   //Set timer work mode
  11   1        TMOD |= 0x20;   //Set timer work mode
  12   1        TL1 = 0xB2;     //Initial timer value
  13   1        TH1 = 0xB2;     //Set reload value
  14   1        ET1 = 0;      //Disable Timer%d interrupt
  15   1        TR1 = 1;      //Timer1 start run
  16   1      }
  17          
  18          
  19          void _putchar(unsigned char m) { SBUF = m; }
  20          
  21          void delay() {
  22   1        unsigned char i, j, k;
  23   1        i = 8;
  24   1        j = 1;
  25   1        k = 243;
  26   1        do {
  27   2          do {
  28   3            while (--k)
  29   3              ;
  30   3          } while (--j);
  31   2        } while (--i);
  32   1      }
  33          
  34          void main() {
  35   1        Uart1_Init();
  36   1        while (1) {
  37   2          _putchar('p');
  38   2          delay();
  39   2        }
  40   1      }


MODULE INFORMATION:   STATIC OVERLAYABLE
   CODE SIZE        =     58    ----
   CONSTANT SIZE    =   ----    ----
   XDATA SIZE       =   ----    ----
   PDATA SIZE       =   ----    ----
   DATA SIZE        =   ----    ----
   IDATA SIZE       =   ----    ----
   BIT SIZE         =   ----    ----
END OF MODULE INFORMATION.


C51 COMPILATION COMPLETE.  0 WARNING(S),  0 ERROR(S)
